This file contains any messages produced by compilers while
running configure, to aid debugging if configure makes a mistake.

It was created by STK configure 4.4, which was
generated by GNU Autoconf 2.61.  Invocation command line was

  $ ./configure 

## --------- ##
## Platform. ##
## --------- ##

hostname = spillow-PC
uname -m = i686
uname -r = 1.0.18(0.48/3/2)
uname -s = MINGW32_NT-6.2
uname -v = 2012-11-21 22:34

/usr/bin/uname -p = unknown
/bin/uname -X     = unknown

/bin/arch              = unknown
/usr/bin/arch -k       = unknown
/usr/convex/getsysinfo = unknown
/usr/bin/hostinfo      = unknown
/bin/machine           = unknown
/usr/bin/oslevel       = unknown
/bin/universe          = unknown

PATH: .
PATH: /usr/local/bin
PATH: /mingw/bin
PATH: /bin
PATH: /c/Program Files (x86)/ActiveState Komodo Edit 8/
PATH: /c/Program Files (x86)/AMD APP/bin/x86_64
PATH: /c/Program Files (x86)/AMD APP/bin/x86
PATH: %CommonProgramFiles%/Microsoft Shared/Windows Live
PATH: /c/Program Files (x86)/Haskell/bin
PATH: /c/Program Files (x86)/Haskell Platform/2012.2.0.0/lib/extralibs/bin
PATH: /c/Program Files (x86)/Haskell Platform/2012.2.0.0/bin
PATH: /c/WINDOWS/system32
PATH: /c/WINDOWS
PATH: /c/WINDOWS/System32/Wbem
PATH: /c/WINDOWS/System32/WindowsPowerShell/v1.0/
PATH: /c/Octave/Octave3.4.3_gcc4.5.2/Octave3.4.3_gcc4.5.2/bin
PATH: /c/Program Files (x86)/ATI Technologies/ATI.ACE/Core-Static
PATH: /c/Python27
PATH: /c/Program Files/R/R-2.14.0/bin
PATH: /c/Users/spillow/Downloads/dgl_stuff/bison-2.4.1-bin/bin
PATH: /c/Users/spillow/Downloads/dgl_stuff/flex-2.5.4a-1-bin/bin
PATH: /c/Program Files (x86)/Microsoft ASP.NET/ASP.NET Web Pages/v1.0/
PATH: /c/Program Files/Microsoft SQL Server/110/Tools/Binn/
PATH: /c/Program Files/TortoiseSVN/bin
PATH: /c/Program Files (x86)/CMake 2.8/bin
PATH: /c/Program Files/Java/jdk1.7.0_02/bin
PATH: /c/Python27/Scripts
PATH: /c/Program Files (x86)/Lua/5.1
PATH: /c/Program Files (x86)/Lua/5.1/clibs
PATH: /c/Program Files (x86)/sbt/
PATH: /c/Program Files (x86)/Intel/OpenCL SDK/3.0/bin/x86
PATH: /c/Program Files (x86)/Intel/OpenCL SDK/3.0/bin/x64
PATH: /c/Program Files (x86)/WinMerge
PATH: /c/Program Files (x86)/QuickTime/QTSystem/
PATH: /c/Program Files (x86)/ChucK/bin
PATH: /c/Program Files (x86)/GtkSharp/2.12/bin
PATH: /c/Program Files (x86)/Reference Assemblies/Microsoft/FSharp/3.0/Runtime/v4.0
PATH: /c/Program Files (x86)/Windows Kits/8.1/Windows Performance Toolkit/
PATH: /c/Program Files/TortoiseGit/bin
PATH: /c/MinGW/bin
PATH: /c/Program Files/Common Files/Microsoft Shared/Windows Live
PATH: /c/Users/spillow/AppData/Roaming/cabal/bin
PATH: /c/Users/spillow/.lein/bin
PATH: /c/Users/spillow/AppData/Local/Enthought/Canopy/User
PATH: /c/Users/spillow/AppData/Local/Enthought/Canopy/User/Scripts
PATH: /c/Program Files/MikTeX/miktex/bin/x64/
PATH: /c/Program Files (x86)/Microsoft SDKs/F#/3.0/Framework/v4.0
PATH: /c/Python27
PATH: /c/Program Files (x86)/Reference Assemblies/Microsoft/FSharp/3.0/Runtime/v4.0


## ----------- ##
## Core tests. ##
## ----------- ##

configure:1837: checking for g++
configure:1853: found /c/MinGW/bin/g++
configure:1864: result: g++
configure:1895: checking for C++ compiler version
configure:1902: g++ --version >&5
g++.exe (GCC) 4.8.1
Copyright (C) 2013 Free Software Foundation, Inc.
This is free software; see the source for copying conditions.  There is NO
warranty; not even for MERCHANTABILITY or FITNESS FOR A PARTICULAR PURPOSE.

configure:1905: $? = 0
configure:1912: g++ -v >&5
Using built-in specs.
COLLECT_GCC=c:\MinGW\bin\g++.exe
COLLECT_LTO_WRAPPER=c:/mingw/bin/../libexec/gcc/mingw32/4.8.1/lto-wrapper.exe
Target: mingw32
Configured with: ../gcc-4.8.1/configure --prefix=/mingw --host=mingw32 --build=mingw32 --without-pic --enable-shared --enable-static --with-gnu-ld --enable-lto --enable-libssp --disable-multilib --enable-languages=c,c++,fortran,objc,obj-c++,ada --disable-sjlj-exceptions --with-dwarf2 --disable-win32-registry --enable-libstdcxx-debug --enable-version-specific-runtime-libs --with-gmp=/usr/src/pkg/gmp-5.1.2-1-mingw32-src/bld --with-mpc=/usr/src/pkg/mpc-1.0.1-1-mingw32-src/bld --with-mpfr= --with-system-zlib --with-gnu-as --enable-decimal-float=yes --enable-libgomp --enable-threads --with-libiconv-prefix=/mingw32 --with-libintl-prefix=/mingw --disable-bootstrap LDFLAGS=-s CFLAGS=-D_USE_32BIT_TIME_T
Thread model: win32
gcc version 4.8.1 (GCC) 
configure:1915: $? = 0
configure:1922: g++ -V >&5
g++.exe: error: unrecognized command line option '-V'
g++.exe: fatal error: no input files
compilation terminated.
configure:1925: $? = 1
configure:1948: checking for C++ compiler default output file name
configure:1975: g++    conftest.cpp  >&5
configure:1978: $? = 0
configure:2016: result: a.exe
configure:2033: checking whether the C++ compiler works
configure:2043: ./a.exe
configure:2046: $? = 0
configure:2063: result: yes
configure:2070: checking whether we are cross compiling
configure:2072: result: no
configure:2075: checking for suffix of executables
configure:2082: g++ -o conftest.exe    conftest.cpp  >&5
configure:2085: $? = 0
configure:2109: result: .exe
configure:2115: checking for suffix of object files
configure:2141: g++ -c   conftest.cpp >&5
configure:2144: $? = 0
configure:2167: result: o
configure:2171: checking whether we are using the GNU C++ compiler
configure:2200: g++ -c   conftest.cpp >&5
configure:2206: $? = 0
configure:2223: result: yes
configure:2228: checking whether g++ accepts -g
configure:2258: g++ -c -g  conftest.cpp >&5
configure:2264: $? = 0
configure:2363: result: yes
configure:2429: checking for ranlib
configure:2445: found /c/MinGW/bin/ranlib
configure:2456: result: ranlib
configure:2484: checking for ar
configure:2502: found /c/MinGW/bin/ar
configure:2515: result: /c/MinGW/bin/ar
configure:2578: checking for gcc
configure:2594: found /c/MinGW/bin/gcc
configure:2605: result: gcc
configure:2843: checking for C compiler version
configure:2850: gcc --version >&5
gcc.exe (GCC) 4.8.1
Copyright (C) 2013 Free Software Foundation, Inc.
This is free software; see the source for copying conditions.  There is NO
warranty; not even for MERCHANTABILITY or FITNESS FOR A PARTICULAR PURPOSE.

configure:2853: $? = 0
configure:2860: gcc -v >&5
Using built-in specs.
COLLECT_GCC=c:\MinGW\bin\gcc.exe
COLLECT_LTO_WRAPPER=c:/mingw/bin/../libexec/gcc/mingw32/4.8.1/lto-wrapper.exe
Target: mingw32
Configured with: ../gcc-4.8.1/configure --prefix=/mingw --host=mingw32 --build=mingw32 --without-pic --enable-shared --enable-static --with-gnu-ld --enable-lto --enable-libssp --disable-multilib --enable-languages=c,c++,fortran,objc,obj-c++,ada --disable-sjlj-exceptions --with-dwarf2 --disable-win32-registry --enable-libstdcxx-debug --enable-version-specific-runtime-libs --with-gmp=/usr/src/pkg/gmp-5.1.2-1-mingw32-src/bld --with-mpc=/usr/src/pkg/mpc-1.0.1-1-mingw32-src/bld --with-mpfr= --with-system-zlib --with-gnu-as --enable-decimal-float=yes --enable-libgomp --enable-threads --with-libiconv-prefix=/mingw32 --with-libintl-prefix=/mingw --disable-bootstrap LDFLAGS=-s CFLAGS=-D_USE_32BIT_TIME_T
Thread model: win32
gcc version 4.8.1 (GCC) 
configure:2863: $? = 0
configure:2870: gcc -V >&5
gcc.exe: error: unrecognized command line option '-V'
gcc.exe: fatal error: no input files
compilation terminated.
configure:2873: $? = 1
configure:2876: checking whether we are using the GNU C compiler
configure:2905: gcc -c   conftest.c >&5
configure:2911: $? = 0
configure:2928: result: yes
configure:2933: checking whether gcc accepts -g
configure:2963: gcc -c -g  conftest.c >&5
configure:2969: $? = 0
configure:3068: result: yes
configure:3085: checking for gcc option to accept ISO C89
configure:3159: gcc  -c -g -O2  conftest.c >&5
configure:3165: $? = 0
configure:3188: result: none needed
configure:3212: checking how to run the C preprocessor
configure:3252: gcc -E  conftest.c
configure:3258: $? = 0
configure:3289: gcc -E  conftest.c
conftest.c:8:28: fatal error: ac_nonexistent.h: No such file or directory
 #include <ac_nonexistent.h>
                            ^
compilation terminated.
configure:3295: $? = 1
configure: failed program was:
| /* confdefs.h.  */
| #define PACKAGE_NAME "STK"
| #define PACKAGE_TARNAME "stk"
| #define PACKAGE_VERSION "4.4"
| #define PACKAGE_STRING "STK 4.4"
| #define PACKAGE_BUGREPORT "gary@music.mcgill.ca"
| /* end confdefs.h.  */
| #include <ac_nonexistent.h>
configure:3328: result: gcc -E
configure:3357: gcc -E  conftest.c
configure:3363: $? = 0
configure:3394: gcc -E  conftest.c
conftest.c:8:28: fatal error: ac_nonexistent.h: No such file or directory
 #include <ac_nonexistent.h>
                            ^
compilation terminated.
configure:3400: $? = 1
configure: failed program was:
| /* confdefs.h.  */
| #define PACKAGE_NAME "STK"
| #define PACKAGE_TARNAME "stk"
| #define PACKAGE_VERSION "4.4"
| #define PACKAGE_STRING "STK 4.4"
| #define PACKAGE_BUGREPORT "gary@music.mcgill.ca"
| /* end confdefs.h.  */
| #include <ac_nonexistent.h>
configure:3438: checking for grep that handles long lines and -e
configure:3512: result: /bin/grep
configure:3517: checking for egrep
configure:3595: result: /bin/grep -E
configure:3600: checking for ANSI C header files
configure:3630: gcc -c -g -O2  conftest.c >&5
configure:3636: $? = 0
configure:3735: gcc -o conftest.exe -g -O2   conftest.c  >&5
configure:3738: $? = 0
configure:3744: ./conftest.exe
configure:3747: $? = 0
configure:3764: result: yes
configure:3788: checking for sys/types.h
configure:3809: gcc -c -g -O2  conftest.c >&5
configure:3815: $? = 0
configure:3831: result: yes
configure:3788: checking for sys/stat.h
configure:3809: gcc -c -g -O2  conftest.c >&5
configure:3815: $? = 0
configure:3831: result: yes
configure:3788: checking for stdlib.h
configure:3809: gcc -c -g -O2  conftest.c >&5
configure:3815: $? = 0
configure:3831: result: yes
configure:3788: checking for string.h
configure:3809: gcc -c -g -O2  conftest.c >&5
configure:3815: $? = 0
configure:3831: result: yes
configure:3788: checking for memory.h
configure:3809: gcc -c -g -O2  conftest.c >&5
configure:3815: $? = 0
configure:3831: result: yes
configure:3788: checking for strings.h
configure:3809: gcc -c -g -O2  conftest.c >&5
configure:3815: $? = 0
configure:3831: result: yes
configure:3788: checking for inttypes.h
configure:3809: gcc -c -g -O2  conftest.c >&5
configure:3815: $? = 0
configure:3831: result: yes
configure:3788: checking for stdint.h
configure:3809: gcc -c -g -O2  conftest.c >&5
configure:3815: $? = 0
configure:3831: result: yes
configure:3788: checking for unistd.h
configure:3809: gcc -c -g -O2  conftest.c >&5
configure:3815: $? = 0
configure:3831: result: yes
configure:3862: checking fcntl.h usability
configure:3879: gcc -c -g -O2  conftest.c >&5
configure:3885: $? = 0
configure:3899: result: yes
configure:3903: checking fcntl.h presence
configure:3918: gcc -E  conftest.c
configure:3924: $? = 0
configure:3938: result: yes
configure:3971: checking for fcntl.h
configure:3979: result: yes
configure:3862: checking sys/ioctl.h usability
configure:3879: gcc -c -g -O2  conftest.c >&5
conftest.c:52:23: fatal error: sys/ioctl.h: No such file or directory
 #include <sys/ioctl.h>
                       ^
compilation terminated.
configure:3885: $? = 1
configure: failed program was:
| /* confdefs.h.  */
| #define PACKAGE_NAME "STK"
| #define PACKAGE_TARNAME "stk"
| #define PACKAGE_VERSION "4.4"
| #define PACKAGE_STRING "STK 4.4"
| #define PACKAGE_BUGREPORT "gary@music.mcgill.ca"
| #define STDC_HEADERS 1
| #define HAVE_SYS_TYPES_H 1
| #define HAVE_SYS_STAT_H 1
| #define HAVE_STDLIB_H 1
| #define HAVE_STRING_H 1
| #define HAVE_MEMORY_H 1
| #define HAVE_STRINGS_H 1
| #define HAVE_INTTYPES_H 1
| #define HAVE_STDINT_H 1
| #define HAVE_UNISTD_H 1
| #define HAVE_FCNTL_H 1
| /* end confdefs.h.  */
| #include <stdio.h>
| #ifdef HAVE_SYS_TYPES_H
| # include <sys/types.h>
| #endif
| #ifdef HAVE_SYS_STAT_H
| # include <sys/stat.h>
| #endif
| #ifdef STDC_HEADERS
| # include <stdlib.h>
| # include <stddef.h>
| #else
| # ifdef HAVE_STDLIB_H
| #  include <stdlib.h>
| # endif
| #endif
| #ifdef HAVE_STRING_H
| # if !defined STDC_HEADERS && defined HAVE_MEMORY_H
| #  include <memory.h>
| # endif
| # include <string.h>
| #endif
| #ifdef HAVE_STRINGS_H
| # include <strings.h>
| #endif
| #ifdef HAVE_INTTYPES_H
| # include <inttypes.h>
| #endif
| #ifdef HAVE_STDINT_H
| # include <stdint.h>
| #endif
| #ifdef HAVE_UNISTD_H
| # include <unistd.h>
| #endif
| #include <sys/ioctl.h>
configure:3899: result: no
configure:3903: checking sys/ioctl.h presence
configure:3918: gcc -E  conftest.c
conftest.c:19:23: fatal error: sys/ioctl.h: No such file or directory
 #include <sys/ioctl.h>
                       ^
compilation terminated.
configure:3924: $? = 1
configure: failed program was:
| /* confdefs.h.  */
| #define PACKAGE_NAME "STK"
| #define PACKAGE_TARNAME "stk"
| #define PACKAGE_VERSION "4.4"
| #define PACKAGE_STRING "STK 4.4"
| #define PACKAGE_BUGREPORT "gary@music.mcgill.ca"
| #define STDC_HEADERS 1
| #define HAVE_SYS_TYPES_H 1
| #define HAVE_SYS_STAT_H 1
| #define HAVE_STDLIB_H 1
| #define HAVE_STRING_H 1
| #define HAVE_MEMORY_H 1
| #define HAVE_STRINGS_H 1
| #define HAVE_INTTYPES_H 1
| #define HAVE_STDINT_H 1
| #define HAVE_UNISTD_H 1
| #define HAVE_FCNTL_H 1
| /* end confdefs.h.  */
| #include <sys/ioctl.h>
configure:3938: result: no
configure:3971: checking for sys/ioctl.h
configure:3979: result: no
configure:3862: checking sys/time.h usability
configure:3879: gcc -c -g -O2  conftest.c >&5
configure:3885: $? = 0
configure:3899: result: yes
configure:3903: checking sys/time.h presence
configure:3918: gcc -E  conftest.c
configure:3924: $? = 0
configure:3938: result: yes
configure:3971: checking for sys/time.h
configure:3979: result: yes
configure:3862: checking termio.h usability
configure:3879: gcc -c -g -O2  conftest.c >&5
conftest.c:53:20: fatal error: termio.h: No such file or directory
 #include <termio.h>
                    ^
compilation terminated.
configure:3885: $? = 1
configure: failed program was:
| /* confdefs.h.  */
| #define PACKAGE_NAME "STK"
| #define PACKAGE_TARNAME "stk"
| #define PACKAGE_VERSION "4.4"
| #define PACKAGE_STRING "STK 4.4"
| #define PACKAGE_BUGREPORT "gary@music.mcgill.ca"
| #define STDC_HEADERS 1
| #define HAVE_SYS_TYPES_H 1
| #define HAVE_SYS_STAT_H 1
| #define HAVE_STDLIB_H 1
| #define HAVE_STRING_H 1
| #define HAVE_MEMORY_H 1
| #define HAVE_STRINGS_H 1
| #define HAVE_INTTYPES_H 1
| #define HAVE_STDINT_H 1
| #define HAVE_UNISTD_H 1
| #define HAVE_FCNTL_H 1
| #define HAVE_SYS_TIME_H 1
| /* end confdefs.h.  */
| #include <stdio.h>
| #ifdef HAVE_SYS_TYPES_H
| # include <sys/types.h>
| #endif
| #ifdef HAVE_SYS_STAT_H
| # include <sys/stat.h>
| #endif
| #ifdef STDC_HEADERS
| # include <stdlib.h>
| # include <stddef.h>
| #else
| # ifdef HAVE_STDLIB_H
| #  include <stdlib.h>
| # endif
| #endif
| #ifdef HAVE_STRING_H
| # if !defined STDC_HEADERS && defined HAVE_MEMORY_H
| #  include <memory.h>
| # endif
| # include <string.h>
| #endif
| #ifdef HAVE_STRINGS_H
| # include <strings.h>
| #endif
| #ifdef HAVE_INTTYPES_H
| # include <inttypes.h>
| #endif
| #ifdef HAVE_STDINT_H
| # include <stdint.h>
| #endif
| #ifdef HAVE_UNISTD_H
| # include <unistd.h>
| #endif
| #include <termio.h>
configure:3899: result: no
configure:3903: checking termio.h presence
configure:3918: gcc -E  conftest.c
conftest.c:20:20: fatal error: termio.h: No such file or directory
 #include <termio.h>
                    ^
compilation terminated.
configure:3924: $? = 1
configure: failed program was:
| /* confdefs.h.  */
| #define PACKAGE_NAME "STK"
| #define PACKAGE_TARNAME "stk"
| #define PACKAGE_VERSION "4.4"
| #define PACKAGE_STRING "STK 4.4"
| #define PACKAGE_BUGREPORT "gary@music.mcgill.ca"
| #define STDC_HEADERS 1
| #define HAVE_SYS_TYPES_H 1
| #define HAVE_SYS_STAT_H 1
| #define HAVE_STDLIB_H 1
| #define HAVE_STRING_H 1
| #define HAVE_MEMORY_H 1
| #define HAVE_STRINGS_H 1
| #define HAVE_INTTYPES_H 1
| #define HAVE_STDINT_H 1
| #define HAVE_UNISTD_H 1
| #define HAVE_FCNTL_H 1
| #define HAVE_SYS_TIME_H 1
| /* end confdefs.h.  */
| #include <termio.h>
configure:3938: result: no
configure:3971: checking for termio.h
configure:3979: result: no
configure:3852: checking for unistd.h
configure:3858: result: yes
configure:3994: checking for an ANSI C-conforming const
configure:4069: gcc -c -g -O2  conftest.c >&5
configure:4075: $? = 0
configure:4090: result: yes
configure:4100: checking for size_t
configure:4130: gcc -c -g -O2  conftest.c >&5
configure:4136: $? = 0
configure:4151: result: yes
configure:4163: checking whether time.h and sys/time.h may both be included
configure:4193: gcc -c -g -O2  conftest.c >&5
configure:4199: $? = 0
configure:4214: result: yes
configure:4224: checking whether byte ordering is bigendian
configure:4257: gcc -c -g -O2  conftest.c >&5
configure:4263: $? = 0
configure:4295: gcc -c -g -O2  conftest.c >&5
conftest.c: In function 'main':
conftest.c:29:2: error: unknown type name 'not'
  not big endian
  ^
conftest.c:29:10: error: expected '=', ',', ';', 'asm' or '__attribute__' before 'endian'
  not big endian
          ^
configure:4301: $? = 1
configure: failed program was:
| /* confdefs.h.  */
| #define PACKAGE_NAME "STK"
| #define PACKAGE_TARNAME "stk"
| #define PACKAGE_VERSION "4.4"
| #define PACKAGE_STRING "STK 4.4"
| #define PACKAGE_BUGREPORT "gary@music.mcgill.ca"
| #define STDC_HEADERS 1
| #define HAVE_SYS_TYPES_H 1
| #define HAVE_SYS_STAT_H 1
| #define HAVE_STDLIB_H 1
| #define HAVE_STRING_H 1
| #define HAVE_MEMORY_H 1
| #define HAVE_STRINGS_H 1
| #define HAVE_INTTYPES_H 1
| #define HAVE_STDINT_H 1
| #define HAVE_UNISTD_H 1
| #define HAVE_FCNTL_H 1
| #define HAVE_SYS_TIME_H 1
| #define HAVE_UNISTD_H 1
| #define TIME_WITH_SYS_TIME 1
| /* end confdefs.h.  */
| #include <sys/types.h>
| #include <sys/param.h>
| 
| int
| main ()
| {
| #if BYTE_ORDER != BIG_ENDIAN
|  not big endian
| #endif
| 
|   ;
|   return 0;
| }
configure:4441: result: no
configure:4479: checking for RAWWAVE_PATH argument
configure:4483: result: 
configure:4486: checking for INCLUDE_PATH argument
configure:4490: result: 
configure:4494: checking whether to compile realtime support
configure:4508: result: yes
configure:4513: checking for cos in -lm
configure:4548: gcc -o conftest.exe -g -O2   conftest.c -lm   >&5
conftest.c:29:6: warning: conflicting types for built-in function 'cos' [enabled by default]
 char cos ();
      ^
configure:4554: $? = 0
configure:4572: result: yes
configure:4589: checking whether to compile debug version
configure:4613: result: no
configure:4623: checking for select
configure:4679: gcc -o conftest.exe -g -O2   conftest.c -lm  >&5
C:\Users\spillow\AppData\Local\Temp\cciT1laJ.o: In function `main':
c:\Users\spillow\Downloads\stk-4.4.4\stk-4.4.4/conftest.c:57: undefined reference to `select'
collect2.exe: error: ld returned 1 exit status
configure:4685: $? = 1
configure: failed program was:
| /* confdefs.h.  */
| #define PACKAGE_NAME "STK"
| #define PACKAGE_TARNAME "stk"
| #define PACKAGE_VERSION "4.4"
| #define PACKAGE_STRING "STK 4.4"
| #define PACKAGE_BUGREPORT "gary@music.mcgill.ca"
| #define STDC_HEADERS 1
| #define HAVE_SYS_TYPES_H 1
| #define HAVE_SYS_STAT_H 1
| #define HAVE_STDLIB_H 1
| #define HAVE_STRING_H 1
| #define HAVE_MEMORY_H 1
| #define HAVE_STRINGS_H 1
| #define HAVE_INTTYPES_H 1
| #define HAVE_STDINT_H 1
| #define HAVE_UNISTD_H 1
| #define HAVE_FCNTL_H 1
| #define HAVE_SYS_TIME_H 1
| #define HAVE_UNISTD_H 1
| #define TIME_WITH_SYS_TIME 1
| #define HAVE_LIBM 1
| /* end confdefs.h.  */
| /* Define select to an innocuous variant, in case <limits.h> declares select.
|    For example, HP-UX 11i <limits.h> declares gettimeofday.  */
| #define select innocuous_select
| 
| /* System header to define __stub macros and hopefully few prototypes,
|     which can conflict with char select (); below.
|     Prefer <limits.h> to <assert.h> if __STDC__ is defined, since
|     <limits.h> exists even on freestanding compilers.  */
| 
| #ifdef __STDC__
| # include <limits.h>
| #else
| # include <assert.h>
| #endif
| 
| #undef select
| 
| /* Override any GCC internal prototype to avoid an error.
|    Use char because int might match the return type of a GCC
|    builtin and then its argument prototype would still apply.  */
| #ifdef __cplusplus
| extern "C"
| #endif
| char select ();
| /* The GNU C library defines this for functions which it implements
|     to always fail with ENOSYS.  Some functions are actually named
|     something starting with __ and the normal name is an alias.  */
| #if defined __stub_select || defined __stub___select
| choke me
| #endif
| 
| int
| main ()
| {
| return select ();
|   ;
|   return 0;
| }
configure:4703: result: no
configure:4623: checking for socket
configure:4679: gcc -o conftest.exe -g -O2   conftest.c -lm  >&5
C:\Users\spillow\AppData\Local\Temp\ccAtKd0D.o: In function `main':
c:\Users\spillow\Downloads\stk-4.4.4\stk-4.4.4/conftest.c:57: undefined reference to `socket'
collect2.exe: error: ld returned 1 exit status
configure:4685: $? = 1
configure: failed program was:
| /* confdefs.h.  */
| #define PACKAGE_NAME "STK"
| #define PACKAGE_TARNAME "stk"
| #define PACKAGE_VERSION "4.4"
| #define PACKAGE_STRING "STK 4.4"
| #define PACKAGE_BUGREPORT "gary@music.mcgill.ca"
| #define STDC_HEADERS 1
| #define HAVE_SYS_TYPES_H 1
| #define HAVE_SYS_STAT_H 1
| #define HAVE_STDLIB_H 1
| #define HAVE_STRING_H 1
| #define HAVE_MEMORY_H 1
| #define HAVE_STRINGS_H 1
| #define HAVE_INTTYPES_H 1
| #define HAVE_STDINT_H 1
| #define HAVE_UNISTD_H 1
| #define HAVE_FCNTL_H 1
| #define HAVE_SYS_TIME_H 1
| #define HAVE_UNISTD_H 1
| #define TIME_WITH_SYS_TIME 1
| #define HAVE_LIBM 1
| /* end confdefs.h.  */
| /* Define socket to an innocuous variant, in case <limits.h> declares socket.
|    For example, HP-UX 11i <limits.h> declares gettimeofday.  */
| #define socket innocuous_socket
| 
| /* System header to define __stub macros and hopefully few prototypes,
|     which can conflict with char socket (); below.
|     Prefer <limits.h> to <assert.h> if __STDC__ is defined, since
|     <limits.h> exists even on freestanding compilers.  */
| 
| #ifdef __STDC__
| # include <limits.h>
| #else
| # include <assert.h>
| #endif
| 
| #undef socket
| 
| /* Override any GCC internal prototype to avoid an error.
|    Use char because int might match the return type of a GCC
|    builtin and then its argument prototype would still apply.  */
| #ifdef __cplusplus
| extern "C"
| #endif
| char socket ();
| /* The GNU C library defines this for functions which it implements
|     to always fail with ENOSYS.  Some functions are actually named
|     something starting with __ and the normal name is an alias.  */
| #if defined __stub_socket || defined __stub___socket
| choke me
| #endif
| 
| int
| main ()
| {
| return socket ();
|   ;
|   return 0;
| }
configure:4703: result: no
configure:4713: checking for gettimeofday
configure:4769: gcc -o conftest.exe -g -O2   conftest.c -lm  >&5
configure:4775: $? = 0
configure:4792: result: yes
configure:4821: checking build system type
configure:4839: result: i686-pc-mingw32
configure:4861: checking host system type
configure:4876: result: i686-pc-mingw32
configure:4917: checking for audio API
configure:5830: result: using DirectSound
configure:5980: creating ./config.status

## ---------------------- ##
## Running config.status. ##
## ---------------------- ##

This file was extended by STK config.status 4.4, which was
generated by GNU Autoconf 2.61.  Invocation command line was

  CONFIG_FILES    = 
  CONFIG_HEADERS  = 
  CONFIG_LINKS    = 
  CONFIG_COMMANDS = 
  $ ./config.status 

on spillow-PC

config.status:609: creating Makefile
config.status:609: creating src/Makefile
config.status:609: creating projects/demo/Makefile
config.status:609: creating projects/effects/Makefile
config.status:609: creating projects/ragamatic/Makefile
config.status:609: creating projects/examples/Makefile
config.status:609: creating projects/examples/libMakefile
config.status:609: creating projects/eguitar/Makefile

## ---------------- ##
## Cache variables. ##
## ---------------- ##

ac_cv_build=i686-pc-mingw32
ac_cv_c_bigendian=no
ac_cv_c_compiler_gnu=yes
ac_cv_c_const=yes
ac_cv_cxx_compiler_gnu=yes
ac_cv_env_CCC_set=
ac_cv_env_CCC_value=
ac_cv_env_CC_set=
ac_cv_env_CC_value=
ac_cv_env_CFLAGS_set=
ac_cv_env_CFLAGS_value=
ac_cv_env_CPPFLAGS_set=
ac_cv_env_CPPFLAGS_value=
ac_cv_env_CPP_set=
ac_cv_env_CPP_value=
ac_cv_env_CXXFLAGS_set=
ac_cv_env_CXXFLAGS_value=
ac_cv_env_CXX_set=
ac_cv_env_CXX_value=
ac_cv_env_LDFLAGS_set=
ac_cv_env_LDFLAGS_value=
ac_cv_env_LIBS_set=
ac_cv_env_LIBS_value=
ac_cv_env_build_alias_set=
ac_cv_env_build_alias_value=
ac_cv_env_host_alias_set=
ac_cv_env_host_alias_value=
ac_cv_env_target_alias_set=
ac_cv_env_target_alias_value=
ac_cv_exeext=.exe
ac_cv_func_gettimeofday=yes
ac_cv_func_select=no
ac_cv_func_socket=no
ac_cv_header_fcntl_h=yes
ac_cv_header_inttypes_h=yes
ac_cv_header_memory_h=yes
ac_cv_header_stdc=yes
ac_cv_header_stdint_h=yes
ac_cv_header_stdlib_h=yes
ac_cv_header_string_h=yes
ac_cv_header_strings_h=yes
ac_cv_header_sys_ioctl_h=no
ac_cv_header_sys_stat_h=yes
ac_cv_header_sys_time_h=yes
ac_cv_header_sys_types_h=yes
ac_cv_header_termio_h=no
ac_cv_header_time=yes
ac_cv_header_unistd_h=yes
ac_cv_host=i686-pc-mingw32
ac_cv_lib_m_cos=yes
ac_cv_objext=o
ac_cv_path_AR=/c/MinGW/bin/ar
ac_cv_path_EGREP='/bin/grep -E'
ac_cv_path_GREP=/bin/grep
ac_cv_prog_CPP='gcc -E'
ac_cv_prog_ac_ct_CC=gcc
ac_cv_prog_ac_ct_CXX=g++
ac_cv_prog_ac_ct_RANLIB=ranlib
ac_cv_prog_cc_c89=
ac_cv_prog_cc_g=yes
ac_cv_prog_cxx_g=yes
ac_cv_type_size_t=yes

## ----------------- ##
## Output variables. ##
## ----------------- ##

AR='/c/MinGW/bin/ar'
CC='gcc'
CFLAGS='-g -O2'
CPP='gcc -E'
CPPFLAGS='  -DHAVE_GETTIMEOFDAY -D__WINDOWS_DS__ -D__WINDOWS_MM__'
CXX='g++'
CXXFLAGS='-O3 -Wall'
DEFS='-DPACKAGE_NAME=\"STK\" -DPACKAGE_TARNAME=\"stk\" -DPACKAGE_VERSION=\"4.4\" -DPACKAGE_STRING=\"STK\ 4.4\" -DPACKAGE_BUGREPORT=\"gary@music.mcgill.ca\" -DSTDC_HEADERS=1 -DHAVE_SYS_TYPES_H=1 -DHAVE_SYS_STAT_H=1 -DHAVE_STDLIB_H=1 -DHAVE_STRING_H=1 -DHAVE_MEMORY_H=1 -DHAVE_STRINGS_H=1 -DHAVE_INTTYPES_H=1 -DHAVE_STDINT_H=1 -DHAVE_UNISTD_H=1 -DHAVE_FCNTL_H=1 -DHAVE_SYS_TIME_H=1 -DHAVE_UNISTD_H=1 -DTIME_WITH_SYS_TIME=1 -DHAVE_LIBM=1'
ECHO_C=''
ECHO_N='-n'
ECHO_T=''
EGREP='/bin/grep -E'
EXEEXT='.exe'
GREP='/bin/grep'
GXX='yes'
LDFLAGS=''
LIBOBJS=''
LIBS='-lole32 -lwinmm -lWsock32 -ldsound -lwinmm -lm '
LTLIBOBJS=''
OBJEXT='o'
PACKAGE_BUGREPORT='gary@music.mcgill.ca'
PACKAGE_NAME='STK'
PACKAGE_STRING='STK 4.4'
PACKAGE_TARNAME='stk'
PACKAGE_VERSION='4.4'
PATH_SEPARATOR=':'
RANLIB='ranlib'
SHELL='/bin/sh'
ac_ct_CC='gcc'
ac_ct_CXX='g++'
api='-D__WINDOWS_DS__ -D__WINDOWS_MM__'
bindir='${exec_prefix}/bin'
build='i686-pc-mingw32'
build_alias=''
build_cpu='i686'
build_os='mingw32'
build_vendor='pc'
byte_order='-D__LITTLE_ENDIAN__'
cppflag=' -DHAVE_GETTIMEOFDAY'
cxxflag='-Wall'
datadir='${datarootdir}'
datarootdir='${prefix}/share'
debug='no'
docdir='${datarootdir}/doc/${PACKAGE_TARNAME}'
dvidir='${docdir}'
exec_prefix='${prefix}'
host='i686-pc-mingw32'
host_alias=''
host_cpu='i686'
host_os='mingw32'
host_vendor='pc'
htmldir='${docdir}'
include=''
includedir='${prefix}/include'
infodir='${datarootdir}/info'
libdir='${exec_prefix}/lib'
libexecdir='${exec_prefix}/libexec'
libflags='-shared -Wl,-soname,$(SHAREDLIB).$(MAJOR) -o $(SHAREDLIB).$(RELEASE)'
localedir='${datarootdir}/locale'
localstatedir='${prefix}/var'
mandir='${datarootdir}/man'
object_path='Release'
objects=''
oldincludedir='/usr/include'
pdfdir='${docdir}'
prefix='/usr/local'
program_transform_name='s,x,x,'
psdir='${docdir}'
rawwaves=''
realtime='yes'
sbindir='${exec_prefix}/sbin'
sharedlib='libstk.so'
sharedname='libstk.so.$(RELEASE)'
sharedstatedir='${prefix}/com'
sound_api=''
sysconfdir='${prefix}/etc'
target_alias=''

## ----------- ##
## confdefs.h. ##
## ----------- ##

#define PACKAGE_NAME "STK"
#define PACKAGE_TARNAME "stk"
#define PACKAGE_VERSION "4.4"
#define PACKAGE_STRING "STK 4.4"
#define PACKAGE_BUGREPORT "gary@music.mcgill.ca"
#define STDC_HEADERS 1
#define HAVE_SYS_TYPES_H 1
#define HAVE_SYS_STAT_H 1
#define HAVE_STDLIB_H 1
#define HAVE_STRING_H 1
#define HAVE_MEMORY_H 1
#define HAVE_STRINGS_H 1
#define HAVE_INTTYPES_H 1
#define HAVE_STDINT_H 1
#define HAVE_UNISTD_H 1
#define HAVE_FCNTL_H 1
#define HAVE_SYS_TIME_H 1
#define HAVE_UNISTD_H 1
#define TIME_WITH_SYS_TIME 1
#define HAVE_LIBM 1

configure: exit 0
